# JRE version: OpenJDK Runtime Environment Temurin-21.0.4+7 (21.0.4+7) (build 21.0.4+7-LTS)
# Java VM: OpenJDK 64-Bit Server VM Temurin-21.0.4+7 (21.0.4+7-LTS, mixed mode, sharing, tiered, compressed oops, compressed class ptrs, g1 gc, windows-amd64)
GC Precious Log:
 CardTable entry size: 512
 Card Set container configuration: InlinePtr #cards 4 size 8 Array Of Cards #cards 16 size 48 Howl #buckets 8 coarsen threshold 3686 Howl Bitmap #cards 512 size 80 coarsen threshold 460 Card regions per heap region 1 cards per card region 4096
 CPUs: 12 total, 12 available
 Memory: 16067M
 Large Page Support: Disabled
 NUMA Support: Disabled
 Compressed Oops: Enabled (Zero based)
 Heap Region Size: 2M
 Heap Min Capacity: 8M
 Heap Initial Capacity: 252M
 Heap Max Capacity: 4018M
 Pre-touch: Disabled
 Parallel Workers: 10
 Concurrent Workers: 3
 Concurrent Refinement Workers: 10
 Periodic GC: Disabled
Heap:
 garbage-first heap   total 49152K, used 5225K [0x0000000704e00000, 0x0000000800000000)
  region size 2048K, 2 young (4096K), 1 survivors (2048K)
 Metaspace       used 9359K, committed 9664K, reserved 1114112K
  class space    used 911K, committed 1088K, reserved 1048576K
GC Heap History (6 events):
Event: 4.117 GC heap before
{Heap before GC invocations=0 (full 0):
 garbage-first heap   total 258048K, used 10240K [0x0000000704e00000, 0x0000000800000000)
  region size 2048K, 6 young (12288K), 0 survivors (0K)
 Metaspace       used 6664K, committed 6848K, reserved 1114112K
  class space    used 629K, committed 704K, reserved 1048576K
}
Event: 4.125 GC heap after
{Heap after GC invocations=1 (full 0):
 garbage-first heap   total 258048K, used 3969K [0x0000000704e00000, 0x0000000800000000)
  region size 2048K, 1 young (2048K), 1 survivors (2048K)
 Metaspace       used 6664K, committed 6848K, reserved 1114112K
  class space    used 629K, committed 704K, reserved 1048576K
}
Event: 6.565 GC heap before
{Heap before GC invocations=1 (full 0):
 garbage-first heap   total 258048K, used 10113K [0x0000000704e00000, 0x0000000800000000)
  region size 2048K, 6 young (12288K), 1 survivors (2048K)
 Metaspace       used 9312K, committed 9664K, reserved 1114112K
  class space    used 908K, committed 1088K, reserved 1048576K
}
Event: 6.576 GC heap after
{Heap after GC invocations=2 (full 1):
 garbage-first heap   total 49152K, used 5178K [0x0000000704e00000, 0x0000000800000000)
  region size 2048K, 0 young (0K), 0 survivors (0K)
 Metaspace       used 9312K, committed 9664K, reserved 1114112K
  class space    used 908K, committed 1088K, reserved 1048576K
}
Event: 149.001 GC heap before
{Heap before GC invocations=2 (full 1):
 garbage-first heap   total 49152K, used 9274K [0x0000000704e00000, 0x0000000800000000)
  region size 2048K, 2 young (4096K), 0 survivors (0K)
 Metaspace       used 9343K, committed 9664K, reserved 1114112K
  class space    used 909K, committed 1088K, reserved 1048576K
}
Event: 149.004 GC heap after
{Heap after GC invocations=3 (full 1):
 garbage-first heap   total 49152K, used 5225K [0x0000000704e00000, 0x0000000800000000)
  region size 2048K, 1 young (2048K), 1 survivors (2048K)
 Metaspace       used 9343K, committed 9664K, reserved 1114112K
  class space    used 909K, committed 1088K, reserved 1048576K
}

